Connecting to database specified by database.yml
  [1m[36m (77.5ms)[0m  [1mCREATE TABLE "carts" ("id" serial primary key, "created_at" timestamp NOT NULL, "updated_at" timestamp NOT NULL) [0m
  [1m[35m (58.4ms)[0m  CREATE TABLE "line_items" ("id" serial primary key, "product_id" integer, "cart_id" integer, "created_at" timestamp NOT NULL, "updated_at" timestamp NOT NULL, "quantity" integer DEFAULT 1, "price" decimal(8,2) DEFAULT 0.0, "order_id" integer) 
  [1m[36m (137.4ms)[0m  [1mCREATE TABLE "orders" ("id" serial primary key, "name" character varying(255), "address" text, "email" character varying(255), "pay_type" character varying(255), "created_at" timestamp NOT NULL, "updated_at" timestamp NOT NULL) [0m
  [1m[35m (120.9ms)[0m  CREATE TABLE "products" ("id" serial primary key, "title" character varying(255), "description" text, "image_url" character varying(255), "price" decimal(8,2), "created_at" timestamp NOT NULL, "updated_at" timestamp NOT NULL, "locale" character varying(255) DEFAULT 'en', "active" boolean DEFAULT 't') 
  [1m[36m (112.3ms)[0m  [1mCREATE TABLE "users" ("id" serial primary key, "name" character varying(255), "hashed_password" character varying(255), "salt" character varying(255), "created_at" timestamp NOT NULL, "updated_at" timestamp NOT NULL, "email" character varying(255) DEFAULT '' NOT NULL, "encrypted_password" character varying(255) DEFAULT '' NOT NULL, "reset_password_token" character varying(255), "reset_password_sent_at" timestamp, "remember_created_at" timestamp, "sign_in_count" integer DEFAULT 0, "current_sign_in_at" timestamp, "last_sign_in_at" timestamp, "current_sign_in_ip" character varying(255), "last_sign_in_ip" character varying(255)) [0m
  [1m[35m (58.0ms)[0m  CREATE UNIQUE INDEX "index_users_on_email" ON "users" ("email")
  [1m[36m (58.1ms)[0m  [1mCREATE UNIQUE INDEX "index_users_on_reset_password_token" ON "users" ("reset_password_token")[0m
  [1m[35m (6.1ms)[0m  CREATE TABLE "schema_migrations" ("version" character varying(255) NOT NULL) 
  [1m[36m (53.9ms)[0m  [1mCREATE UNIQUE INDEX "unique_schema_migrations" ON "schema_migrations" ("version")[0m
  [1m[35m (0.4ms)[0m  SELECT version FROM "schema_migrations"
  [1m[36m (6.4ms)[0m  [1mINSERT INTO "schema_migrations" (version) VALUES ('20140513114248')[0m
  [1m[35m (8.2ms)[0m  INSERT INTO "schema_migrations" (version) VALUES ('20110718133505')
  [1m[36m (8.0ms)[0m  [1mINSERT INTO "schema_migrations" (version) VALUES ('20110607134413')[0m
  [1m[35m (8.1ms)[0m  INSERT INTO "schema_migrations" (version) VALUES ('20110706214839')
  [1m[36m (8.1ms)[0m  [1mINSERT INTO "schema_migrations" (version) VALUES ('20110609135044')[0m
  [1m[35m (8.3ms)[0m  INSERT INTO "schema_migrations" (version) VALUES ('20110727133239')
  [1m[36m (8.0ms)[0m  [1mINSERT INTO "schema_migrations" (version) VALUES ('20110616134819')[0m
  [1m[35m (8.0ms)[0m  INSERT INTO "schema_migrations" (version) VALUES ('20110607135212')
  [1m[36m (7.7ms)[0m  [1mINSERT INTO "schema_migrations" (version) VALUES ('20110606125504')[0m
  [1m[35m (7.8ms)[0m  INSERT INTO "schema_migrations" (version) VALUES ('20110616134842')
  [1m[36m (8.2ms)[0m  [1mINSERT INTO "schema_migrations" (version) VALUES ('20110411214111')[0m
  [1m[35m (8.2ms)[0m  INSERT INTO "schema_migrations" (version) VALUES ('20110606125841')
  [1m[36m (0.8ms)[0m  [1mSELECT "schema_migrations"."version" FROM "schema_migrations" [0m
  [1m[35mSQL (20.3ms)[0m  DELETE FROM "products"
Connecting to database specified by database.yml
DEPRECATION WARNING: The InstanceMethods module inside ActiveSupport::Concern will be no longer included automatically. Please define instance methods directly in LineItemConcern instead. (called from include at /home/rajarshid/pizza/app/models/line_item.rb:4)
  [1m[36m (17.2ms)[0m  [1mDROP TABLE "carts"[0m
  [1m[35m (81.7ms)[0m  CREATE TABLE "carts" ("id" serial primary key, "created_at" timestamp NOT NULL, "updated_at" timestamp NOT NULL) 
  [1m[36m (12.8ms)[0m  [1mDROP TABLE "line_items"[0m
  [1m[35m (62.8ms)[0m  CREATE TABLE "line_items" ("id" serial primary key, "product_id" integer, "cart_id" integer, "created_at" timestamp NOT NULL, "updated_at" timestamp NOT NULL, "quantity" integer DEFAULT 1, "price" decimal(8,2) DEFAULT 0.0, "order_id" integer) 
  [1m[36m (13.4ms)[0m  [1mDROP TABLE "orders"[0m
  [1m[35m (82.1ms)[0m  CREATE TABLE "orders" ("id" serial primary key, "name" character varying(255), "address" text, "email" character varying(255), "pay_type" character varying(255), "created_at" timestamp NOT NULL, "updated_at" timestamp NOT NULL) 
  [1m[36m (15.9ms)[0m  [1mDROP TABLE "products"[0m
  [1m[35m (97.1ms)[0m  CREATE TABLE "products" ("id" serial primary key, "title" character varying(255), "description" text, "image_url" character varying(255), "price" decimal(8,2), "created_at" timestamp NOT NULL, "updated_at" timestamp NOT NULL, "locale" character varying(255) DEFAULT 'en', "active" boolean DEFAULT 't') 
  [1m[36m (15.0ms)[0m  [1mDROP TABLE "users"[0m
  [1m[35m (112.9ms)[0m  CREATE TABLE "users" ("id" serial primary key, "name" character varying(255), "hashed_password" character varying(255), "salt" character varying(255), "created_at" timestamp NOT NULL, "updated_at" timestamp NOT NULL, "email" character varying(255) DEFAULT '' NOT NULL, "encrypted_password" character varying(255) DEFAULT '' NOT NULL, "reset_password_token" character varying(255), "reset_password_sent_at" timestamp, "remember_created_at" timestamp, "sign_in_count" integer DEFAULT 0, "current_sign_in_at" timestamp, "last_sign_in_at" timestamp, "current_sign_in_ip" character varying(255), "last_sign_in_ip" character varying(255)) 
  [1m[36m (49.8ms)[0m  [1mCREATE UNIQUE INDEX "index_users_on_email" ON "users" ("email")[0m
  [1m[35m (52.1ms)[0m  CREATE UNIQUE INDEX "index_users_on_reset_password_token" ON "users" ("reset_password_token")
  [1m[36m (5.2ms)[0m  [1mSELECT version FROM "schema_migrations"[0m
  [1m[35m (0.7ms)[0m  SELECT "schema_migrations"."version" FROM "schema_migrations" 
  [1m[36mSQL (18.3ms)[0m  [1mDELETE FROM "products"[0m
  [1m[35m (0.5ms)[0m  BEGIN
  [1m[36mProduct Exists (1.4ms)[0m  [1mSELECT 1 AS one FROM "products" WHERE "products"."title" = 'Pizza 1' LIMIT 1[0m
  [1m[35mSQL (4.2ms)[0m  INSERT INTO "products" ("active", "created_at", "description", "image_url", "locale", "price", "title", "updated_at") VALUES ($1, $2, $3, $4, $5, $6, $7, $8) RETURNING "id"  [["active", true], ["created_at", Thu, 15 May 2014 13:06:39 UTC +00:00], ["description", "<p>\n        <em>Pizza1 </em> It is a maxican Pizza\n      </p>"], ["image_url", "/images/pizza1.jpg"], ["locale", "en"], ["price", #<BigDecimal:41714a8,'0.82E2',9(36)>], ["title", "Pizza 1"], ["updated_at", Thu, 15 May 2014 13:06:39 UTC +00:00]]
  [1m[36m (14.9ms)[0m  [1mCOMMIT[0m
  [1m[35m (0.5ms)[0m  BEGIN
  [1m[36mProduct Exists (1.0ms)[0m  [1mSELECT 1 AS one FROM "products" WHERE "products"."title" = 'Pizza2' LIMIT 1[0m
  [1m[35mSQL (1.0ms)[0m  INSERT INTO "products" ("active", "created_at", "description", "image_url", "locale", "price", "title", "updated_at") VALUES ($1, $2, $3, $4, $5, $6, $7, $8) RETURNING "id"  [["active", true], ["created_at", Thu, 15 May 2014 13:06:39 UTC +00:00], ["description", "<p>\n        It is American Pizza\n      </p>"], ["image_url", "/images/pizza2.jpg"], ["locale", "en"], ["price", #<BigDecimal:424d520,'0.495E2',18(45)>], ["title", "Pizza2"], ["updated_at", Thu, 15 May 2014 13:06:39 UTC +00:00]]
  [1m[36m (9.6ms)[0m  [1mCOMMIT[0m
  [1m[35m (0.5ms)[0m  BEGIN
  [1m[36mProduct Exists (0.8ms)[0m  [1mSELECT 1 AS one FROM "products" WHERE "products"."title" = 'Pizza 3' LIMIT 1[0m
  [1m[35mSQL (0.9ms)[0m  INSERT INTO "products" ("active", "created_at", "description", "image_url", "locale", "price", "title", "updated_at") VALUES ($1, $2, $3, $4, $5, $6, $7, $8) RETURNING "id"  [["active", true], ["created_at", Thu, 15 May 2014 13:06:39 UTC +00:00], ["description", "<p>\n        It is Indian Pizza\n      </p>"], ["image_url", "/images/pizza3.jpg"], ["locale", "en"], ["price", #<BigDecimal:41dac50,'0.4375E2',18(45)>], ["title", "Pizza 3"], ["updated_at", Thu, 15 May 2014 13:06:39 UTC +00:00]]
  [1m[36m (2.8ms)[0m  [1mCOMMIT[0m
Connecting to database specified by database.yml
DEPRECATION WARNING: The InstanceMethods module inside ActiveSupport::Concern will be no longer included automatically. Please define instance methods directly in LineItemConcern instead. (called from include at /home/rajarshid/pizza/app/models/line_item.rb:4)


Started GET "/assets/rails.png" for 127.0.0.1 at 2014-05-15 18:36:57 +0530
Served asset /rails.png - 200 OK (38ms)
Connecting to database specified by database.yml
DEPRECATION WARNING: The InstanceMethods module inside ActiveSupport::Concern will be no longer included automatically. Please define instance methods directly in LineItemConcern instead. (called from include at /home/rajarshid/pizza/app/models/line_item.rb:4)


Started GET "/" for 127.0.0.1 at 2014-05-15 18:37:21 +0530
Processing by StoreController#index as HTML
DEPRECATION WARNING: The InstanceMethods module inside ActiveSupport::Concern will be no longer included automatically. Please define instance methods directly in CartConcern instead. (called from include at /home/rajarshid/pizza/app/models/cart.rb:4)
  [1m[36m (0.6ms)[0m  [1mBEGIN[0m
  [1m[35mSQL (40.6ms)[0m  INSERT INTO "carts" ("created_at", "updated_at") VALUES ($1, $2) RETURNING "id"  [["created_at", Thu, 15 May 2014 13:07:21 UTC +00:00], ["updated_at", Thu, 15 May 2014 13:07:21 UTC +00:00]]
  [1m[36m (9.6ms)[0m  [1mCOMMIT[0m
  [1m[35mProduct Load (1.0ms)[0m  SELECT "products".* FROM "products" WHERE "products"."active" = 't' ORDER BY title
  Rendered store/index.html.erb within layouts/application (103.2ms)
Compiled jquery.js  (1ms)  (pid 8135)
Compiled jquery_ujs.js  (0ms)  (pid 8135)
Compiled angular.js  (0ms)  (pid 8135)
Compiled angular.sanitize.js  (0ms)  (pid 8135)
Compiled route.js  (0ms)  (pid 8135)
Compiled application.js  (97ms)  (pid 8135)
Compiled depot.css  (0ms)  (pid 8135)
Compiled scaffold.css  (0ms)  (pid 8135)
Compiled application.css  (8ms)  (pid 8135)
  [1m[36m (1.3ms)[0m  [1mSELECT COUNT(*) FROM "line_items" WHERE "line_items"."cart_id" = 1[0m
  Rendered collection (0.0ms)
  Rendered carts/_cart.html.erb (4.2ms)
Completed 200 OK in 573ms (Views: 368.0ms | ActiveRecord: 88.4ms)


Started GET "/assets/jquery.js?body=1" for 127.0.0.1 at 2014-05-15 18:37:22 +0530
Served asset /jquery.js - 304 Not Modified (34ms)


Started GET "/assets/jquery_ujs.js?body=1" for 127.0.0.1 at 2014-05-15 18:37:22 +0530
Served asset /jquery_ujs.js - 304 Not Modified (5ms)


Started GET "/assets/angular.js?body=1" for 127.0.0.1 at 2014-05-15 18:37:22 +0530
Served asset /angular.js - 304 Not Modified (1ms)


Started GET "/assets/angular.sanitize.js?body=1" for 127.0.0.1 at 2014-05-15 18:37:22 +0530
Served asset /angular.sanitize.js - 304 Not Modified (1ms)


Started GET "/assets/route.js?body=1" for 127.0.0.1 at 2014-05-15 18:37:22 +0530
Served asset /route.js - 304 Not Modified (1ms)


Started GET "/assets/application.js?body=1" for 127.0.0.1 at 2014-05-15 18:37:22 +0530
Served asset /application.js - 304 Not Modified (6ms)


Started GET "/assets/application.css?body=1" for 127.0.0.1 at 2014-05-15 18:37:22 +0530
Served asset /application.css - 304 Not Modified (2ms)


Started GET "/assets/depot.css?body=1" for 127.0.0.1 at 2014-05-15 18:37:22 +0530
Served asset /depot.css - 304 Not Modified (1ms)


Started GET "/assets/scaffold.css?body=1" for 127.0.0.1 at 2014-05-15 18:37:22 +0530
Served asset /scaffold.css - 304 Not Modified (1ms)


Started POST "/line_items?locale=en&product_id=1" for 127.0.0.1 at 2014-05-15 18:37:24 +0530
Processing by LineItemsController#create as JS
  Parameters: {"authenticity_token"=>"HgnYl3GgByy31d49WRdsCR5FaVdZiPY20t6HTbI3hVo=", "locale"=>"en", "product_id"=>"1"}
  [1m[35mCart Load (1.3ms)[0m  SELECT "carts".* FROM "carts" WHERE "carts"."id" = $1 LIMIT 1  [["id", 1]]
  [1m[36mProduct Load (1.0ms)[0m  [1mSELECT "products".* FROM "products" WHERE "products"."id" = $1 ORDER BY title LIMIT 1[0m  [["id", "1"]]
  [1m[35mLineItem Load (0.6ms)[0m  SELECT "line_items".* FROM "line_items" WHERE "line_items"."cart_id" = 1 AND "line_items"."product_id" = 1 LIMIT 1
  [1m[36mProduct Load (0.5ms)[0m  [1mSELECT "products".* FROM "products" WHERE "products"."id" = $1 ORDER BY title LIMIT 1[0m  [["id", 1]]
  [1m[35m (0.3ms)[0m  BEGIN
  [1m[36mSQL (1.3ms)[0m  [1mINSERT INTO "line_items" ("cart_id", "created_at", "order_id", "price", "product_id", "quantity", "updated_at") VALUES ($1, $2, $3, $4, $5, $6, $7) RETURNING "id"[0m  [["cart_id", 1], ["created_at", Thu, 15 May 2014 13:07:24 UTC +00:00], ["order_id", nil], ["price", #<BigDecimal:4da6430,'0.82E2',9(18)>], ["product_id", 1], ["quantity", 1], ["updated_at", Thu, 15 May 2014 13:07:24 UTC +00:00]]
  [1m[35mProduct Load (0.6ms)[0m  SELECT "products".* FROM "products" WHERE "products"."id" = 1 ORDER BY title LIMIT 1
>>Line item created: Pizza 1
  [1m[36m (28.4ms)[0m  [1mCOMMIT[0m
  [1m[35mLineItem Load (0.6ms)[0m  SELECT "line_items".* FROM "line_items" WHERE "line_items"."cart_id" = 1
  Rendered line_items/_line_item.html.erb (0.9ms)
  Rendered carts/_cart.html.erb (6.0ms)
  Rendered line_items/create.js.erb (8.2ms)
Completed 200 OK in 106ms (Views: 14.5ms | ActiveRecord: 34.6ms)


Started POST "/line_items?locale=en&product_id=1" for 127.0.0.1 at 2014-05-15 18:37:26 +0530
Processing by LineItemsController#create as JS
  Parameters: {"authenticity_token"=>"HgnYl3GgByy31d49WRdsCR5FaVdZiPY20t6HTbI3hVo=", "locale"=>"en", "product_id"=>"1"}
  [1m[36mCart Load (0.5ms)[0m  [1mSELECT "carts".* FROM "carts" WHERE "carts"."id" = $1 LIMIT 1[0m  [["id", 1]]
  [1m[35mProduct Load (0.4ms)[0m  SELECT "products".* FROM "products" WHERE "products"."id" = $1 ORDER BY title LIMIT 1  [["id", "1"]]
  [1m[36mLineItem Load (0.5ms)[0m  [1mSELECT "line_items".* FROM "line_items" WHERE "line_items"."cart_id" = 1 AND "line_items"."product_id" = 1 LIMIT 1[0m
  [1m[35m (0.2ms)[0m  BEGIN
  [1m[36m (0.5ms)[0m  [1mUPDATE "line_items" SET "quantity" = 2, "updated_at" = '2014-05-15 13:07:26.823431' WHERE "line_items"."id" = 1[0m
  [1m[35m (20.2ms)[0m  COMMIT
  [1m[36mLineItem Load (0.8ms)[0m  [1mSELECT "line_items".* FROM "line_items" WHERE "line_items"."cart_id" = 1[0m
  [1m[35mProduct Load (1.0ms)[0m  SELECT "products".* FROM "products" WHERE "products"."id" = 1 ORDER BY title LIMIT 1
  Rendered line_items/_line_item.html.erb (5.1ms)
  Rendered carts/_cart.html.erb (12.5ms)
  Rendered line_items/create.js.erb (13.6ms)
Completed 200 OK in 45ms (Views: 13.7ms | ActiveRecord: 24.1ms)


Started GET "/" for 127.0.0.1 at 2014-05-15 18:37:28 +0530
Processing by StoreController#index as HTML
  [1m[36mCart Load (0.9ms)[0m  [1mSELECT "carts".* FROM "carts" WHERE "carts"."id" = $1 LIMIT 1[0m  [["id", 1]]
  [1m[35mProduct Load (1.3ms)[0m  SELECT "products".* FROM "products" WHERE "products"."active" = 't' ORDER BY title
  Rendered store/index.html.erb within layouts/application (12.0ms)
  [1m[36m (0.6ms)[0m  [1mSELECT COUNT(*) FROM "line_items" WHERE "line_items"."cart_id" = 1[0m
  [1m[35mLineItem Load (0.7ms)[0m  SELECT "line_items".* FROM "line_items" WHERE "line_items"."cart_id" = 1
  [1m[36mProduct Load (0.6ms)[0m  [1mSELECT "products".* FROM "products" WHERE "products"."id" = 1 ORDER BY title LIMIT 1[0m
  Rendered line_items/_line_item.html.erb (2.7ms)
  Rendered carts/_cart.html.erb (5.8ms)
Completed 200 OK in 30ms (Views: 23.6ms | ActiveRecord: 4.1ms)


Started GET "/assets/jquery.js?body=1" for 127.0.0.1 at 2014-05-15 18:37:28 +0530
Served asset /jquery.js - 304 Not Modified (0ms)


Started GET "/assets/jquery_ujs.js?body=1" for 127.0.0.1 at 2014-05-15 18:37:28 +0530
Served asset /jquery_ujs.js - 304 Not Modified (0ms)


Started GET "/assets/angular.js?body=1" for 127.0.0.1 at 2014-05-15 18:37:28 +0530
Served asset /angular.js - 304 Not Modified (0ms)


Started GET "/assets/angular.sanitize.js?body=1" for 127.0.0.1 at 2014-05-15 18:37:28 +0530
Served asset /angular.sanitize.js - 304 Not Modified (0ms)


Started GET "/assets/route.js?body=1" for 127.0.0.1 at 2014-05-15 18:37:28 +0530
Served asset /route.js - 304 Not Modified (0ms)


Started GET "/assets/application.js?body=1" for 127.0.0.1 at 2014-05-15 18:37:28 +0530
Served asset /application.js - 304 Not Modified (1ms)


Started GET "/assets/application.css?body=1" for 127.0.0.1 at 2014-05-15 18:37:28 +0530
Served asset /application.css - 304 Not Modified (0ms)


Started GET "/assets/depot.css?body=1" for 127.0.0.1 at 2014-05-15 18:37:28 +0530
Served asset /depot.css - 304 Not Modified (0ms)


Started GET "/assets/scaffold.css?body=1" for 127.0.0.1 at 2014-05-15 18:37:28 +0530
Served asset /scaffold.css - 304 Not Modified (0ms)


Started POST "/line_items?locale=en&product_id=1" for 127.0.0.1 at 2014-05-15 18:37:30 +0530
Processing by LineItemsController#create as JS
  Parameters: {"authenticity_token"=>"HgnYl3GgByy31d49WRdsCR5FaVdZiPY20t6HTbI3hVo=", "locale"=>"en", "product_id"=>"1"}
  [1m[35mCart Load (0.6ms)[0m  SELECT "carts".* FROM "carts" WHERE "carts"."id" = $1 LIMIT 1  [["id", 1]]
  [1m[36mProduct Load (0.6ms)[0m  [1mSELECT "products".* FROM "products" WHERE "products"."id" = $1 ORDER BY title LIMIT 1[0m  [["id", "1"]]
  [1m[35mLineItem Load (0.7ms)[0m  SELECT "line_items".* FROM "line_items" WHERE "line_items"."cart_id" = 1 AND "line_items"."product_id" = 1 LIMIT 1
  [1m[36m (0.4ms)[0m  [1mBEGIN[0m
  [1m[35m (0.6ms)[0m  UPDATE "line_items" SET "quantity" = 3, "updated_at" = '2014-05-15 13:07:30.815839' WHERE "line_items"."id" = 1
  [1m[36m (16.6ms)[0m  [1mCOMMIT[0m
  [1m[35mLineItem Load (0.6ms)[0m  SELECT "line_items".* FROM "line_items" WHERE "line_items"."cart_id" = 1
  [1m[36mProduct Load (0.7ms)[0m  [1mSELECT "products".* FROM "products" WHERE "products"."id" = 1 ORDER BY title LIMIT 1[0m
  Rendered line_items/_line_item.html.erb (2.5ms)
  Rendered carts/_cart.html.erb (6.7ms)
  Rendered line_items/create.js.erb (7.7ms)
Completed 200 OK in 37ms (Views: 9.1ms | ActiveRecord: 20.7ms)


Started POST "/orders/new?locale=en" for 127.0.0.1 at 2014-05-15 18:37:32 +0530

ActionController::RoutingError (No route matches [POST] "/orders/new"):
  actionpack (3.2.13) lib/action_dispatch/middleware/debug_exceptions.rb:21:in `call'
  actionpack (3.2.13) lib/action_dispatch/middleware/show_exceptions.rb:56:in `call'
  railties (3.2.13) lib/rails/rack/logger.rb:32:in `call_app'
  railties (3.2.13) lib/rails/rack/logger.rb:16:in `block in call'
  activesupport (3.2.13) lib/active_support/tagged_logging.rb:22:in `tagged'
  railties (3.2.13) lib/rails/rack/logger.rb:16:in `call'
  actionpack (3.2.13) lib/action_dispatch/middleware/request_id.rb:22:in `call'
  rack (1.4.5) lib/rack/methodoverride.rb:21:in `call'
  rack (1.4.5) lib/rack/runtime.rb:17:in `call'
  activesupport (3.2.13) lib/active_support/cache/strategy/local_cache.rb:72:in `call'
  rack (1.4.5) lib/rack/lock.rb:15:in `call'
  actionpack (3.2.13) lib/action_dispatch/middleware/static.rb:63:in `call'
  railties (3.2.13) lib/rails/engine.rb:479:in `call'
  railties (3.2.13) lib/rails/application.rb:223:in `call'
  rack (1.4.5) lib/rack/content_length.rb:14:in `call'
  railties (3.2.13) lib/rails/rack/log_tailer.rb:17:in `call'
  thin (1.6.2) lib/thin/connection.rb:86:in `block in pre_process'
  thin (1.6.2) lib/thin/connection.rb:84:in `catch'
  thin (1.6.2) lib/thin/connection.rb:84:in `pre_process'
  thin (1.6.2) lib/thin/connection.rb:53:in `process'
  thin (1.6.2) lib/thin/connection.rb:39:in `receive_data'
  eventmachine (1.0.3) lib/eventmachine.rb:187:in `run_machine'
  eventmachine (1.0.3) lib/eventmachine.rb:187:in `run'
  thin (1.6.2) lib/thin/backends/base.rb:73:in `start'
  thin (1.6.2) lib/thin/server.rb:162:in `start'
  rack (1.4.5) lib/rack/handler/thin.rb:13:in `run'
  rack (1.4.5) lib/rack/server.rb:268:in `start'
  railties (3.2.13) lib/rails/commands/server.rb:70:in `start'
  railties (3.2.13) lib/rails/commands.rb:55:in `block in <top (required)>'
  railties (3.2.13) lib/rails/commands.rb:50:in `tap'
  railties (3.2.13) lib/rails/commands.rb:50:in `<top (required)>'
  script/rails:6:in `require'
  script/rails:6:in `<main>'


  Rendered /home/rajarshid/.rbenv/versions/1.9.3-p448/lib/ruby/gems/1.9.1/gems/actionpack-3.2.13/lib/action_dispatch/middleware/templates/rescues/routing_error.erb within rescues/layout (0.5ms)
Connecting to database specified by database.yml
DEPRECATION WARNING: The InstanceMethods module inside ActiveSupport::Concern will be no longer included automatically. Please define instance methods directly in LineItemConcern instead. (called from include at /home/rajarshid/pizza/app/models/line_item.rb:4)
Connecting to database specified by database.yml
DEPRECATION WARNING: The InstanceMethods module inside ActiveSupport::Concern will be no longer included automatically. Please define instance methods directly in LineItemConcern instead. (called from include at /home/rajarshid/pizza/app/models/line_item.rb:4)


Started GET "/" for 127.0.0.1 at 2014-05-15 18:38:56 +0530
Processing by StoreController#index as HTML
DEPRECATION WARNING: The InstanceMethods module inside ActiveSupport::Concern will be no longer included automatically. Please define instance methods directly in CartConcern instead. (called from include at /home/rajarshid/pizza/app/models/cart.rb:4)
  [1m[36mCart Load (9.4ms)[0m  [1mSELECT "carts".* FROM "carts" WHERE "carts"."id" = $1 LIMIT 1[0m  [["id", 1]]
  [1m[35mProduct Load (1.0ms)[0m  SELECT "products".* FROM "products" WHERE "products"."active" = 't' ORDER BY title
  Rendered store/index.html.erb within layouts/application (106.1ms)
  [1m[36m (0.9ms)[0m  [1mSELECT COUNT(*) FROM "line_items" WHERE "line_items"."cart_id" = 1[0m
  [1m[35mLineItem Load (0.5ms)[0m  SELECT "line_items".* FROM "line_items" WHERE "line_items"."cart_id" = 1
  [1m[36mProduct Load (0.8ms)[0m  [1mSELECT "products".* FROM "products" WHERE "products"."id" = 1 ORDER BY title LIMIT 1[0m
  Rendered line_items/_line_item.html.erb (7.7ms)
  Rendered carts/_cart.html.erb (18.8ms)
Completed 200 OK in 438ms (Views: 261.3ms | ActiveRecord: 34.1ms)


Started GET "/assets/jquery.js?body=1" for 127.0.0.1 at 2014-05-15 18:38:57 +0530
Served asset /jquery.js - 304 Not Modified (2ms)


Started GET "/assets/jquery_ujs.js?body=1" for 127.0.0.1 at 2014-05-15 18:38:57 +0530
Served asset /jquery_ujs.js - 304 Not Modified (4ms)


Started GET "/assets/angular.js?body=1" for 127.0.0.1 at 2014-05-15 18:38:57 +0530
Served asset /angular.js - 304 Not Modified (40ms)


Started GET "/assets/angular.sanitize.js?body=1" for 127.0.0.1 at 2014-05-15 18:38:57 +0530
Served asset /angular.sanitize.js - 304 Not Modified (1ms)


Started GET "/assets/route.js?body=1" for 127.0.0.1 at 2014-05-15 18:38:57 +0530
Served asset /route.js - 304 Not Modified (1ms)


Started GET "/assets/application.js?body=1" for 127.0.0.1 at 2014-05-15 18:38:57 +0530
Served asset /application.js - 304 Not Modified (6ms)


Started GET "/assets/application.css?body=1" for 127.0.0.1 at 2014-05-15 18:38:57 +0530
Served asset /application.css - 304 Not Modified (2ms)


Started GET "/assets/depot.css?body=1" for 127.0.0.1 at 2014-05-15 18:38:57 +0530
Served asset /depot.css - 304 Not Modified (1ms)


Started GET "/assets/scaffold.css?body=1" for 127.0.0.1 at 2014-05-15 18:38:57 +0530
Served asset /scaffold.css - 304 Not Modified (1ms)


Started POST "/line_items?locale=en&product_id=1" for 127.0.0.1 at 2014-05-15 18:38:58 +0530
Processing by LineItemsController#create as JS
  Parameters: {"authenticity_token"=>"HgnYl3GgByy31d49WRdsCR5FaVdZiPY20t6HTbI3hVo=", "locale"=>"en", "product_id"=>"1"}
  [1m[35mCart Load (0.4ms)[0m  SELECT "carts".* FROM "carts" WHERE "carts"."id" = $1 LIMIT 1  [["id", 1]]
  [1m[36mProduct Load (1.0ms)[0m  [1mSELECT "products".* FROM "products" WHERE "products"."id" = $1 ORDER BY title LIMIT 1[0m  [["id", "1"]]
  [1m[35mLineItem Load (0.7ms)[0m  SELECT "line_items".* FROM "line_items" WHERE "line_items"."cart_id" = 1 AND "line_items"."product_id" = 1 LIMIT 1
  [1m[36m (0.3ms)[0m  [1mBEGIN[0m
  [1m[35m (0.6ms)[0m  UPDATE "line_items" SET "quantity" = 4, "updated_at" = '2014-05-15 13:08:58.415964' WHERE "line_items"."id" = 1
  [1m[36m (22.3ms)[0m  [1mCOMMIT[0m
  [1m[35mLineItem Load (0.7ms)[0m  SELECT "line_items".* FROM "line_items" WHERE "line_items"."cart_id" = 1
  [1m[36mProduct Load (0.8ms)[0m  [1mSELECT "products".* FROM "products" WHERE "products"."id" = 1 ORDER BY title LIMIT 1[0m
  Rendered line_items/_line_item.html.erb (3.0ms)
  Rendered carts/_cart.html.erb (6.9ms)
  Rendered line_items/create.js.erb (8.5ms)
Completed 200 OK in 48ms (Views: 11.9ms | ActiveRecord: 26.7ms)


Started GET "/orders/new" for 127.0.0.1 at 2014-05-15 18:38:59 +0530
DEPRECATION WARNING: The InstanceMethods module inside ActiveSupport::Concern will be no longer included automatically. Please define instance methods directly in OrderConcern instead. (called from include at /home/rajarshid/pizza/app/models/order.rb:4)
Processing by OrdersController#new as HTML
Completed 401 Unauthorized in 41ms


Started GET "/users/sign_in" for 127.0.0.1 at 2014-05-15 18:38:59 +0530
Processing by Devise::SessionsController#new as HTML
  Rendered devise/shared/_links.erb (1.8ms)
  Rendered devise/sessions/new.html.erb within layouts/application (6.3ms)
Completed 200 OK in 32ms (Views: 13.1ms | ActiveRecord: 2.5ms)


Started GET "/assets/jquery.js?body=1" for 127.0.0.1 at 2014-05-15 18:38:59 +0530
Served asset /jquery.js - 304 Not Modified (0ms)


Started GET "/assets/jquery_ujs.js?body=1" for 127.0.0.1 at 2014-05-15 18:38:59 +0530
Served asset /jquery_ujs.js - 304 Not Modified (0ms)


Started GET "/assets/angular.js?body=1" for 127.0.0.1 at 2014-05-15 18:38:59 +0530
Served asset /angular.js - 304 Not Modified (0ms)


Started GET "/assets/angular.sanitize.js?body=1" for 127.0.0.1 at 2014-05-15 18:38:59 +0530
Served asset /angular.sanitize.js - 304 Not Modified (0ms)


Started GET "/assets/route.js?body=1" for 127.0.0.1 at 2014-05-15 18:38:59 +0530
Served asset /route.js - 304 Not Modified (0ms)


Started GET "/assets/application.js?body=1" for 127.0.0.1 at 2014-05-15 18:38:59 +0530
Served asset /application.js - 304 Not Modified (1ms)


Started GET "/assets/application.css?body=1" for 127.0.0.1 at 2014-05-15 18:38:59 +0530
Served asset /application.css - 304 Not Modified (0ms)


Started GET "/assets/depot.css?body=1" for 127.0.0.1 at 2014-05-15 18:38:59 +0530
Served asset /depot.css - 304 Not Modified (0ms)


Started GET "/assets/scaffold.css?body=1" for 127.0.0.1 at 2014-05-15 18:38:59 +0530
Served asset /scaffold.css - 304 Not Modified (0ms)


Started GET "/users/sign_up?locale=en" for 127.0.0.1 at 2014-05-15 18:39:03 +0530
Processing by Devise::RegistrationsController#new as HTML
  Parameters: {"locale"=>"en"}
  Rendered devise/shared/_links.erb (0.5ms)
  Rendered devise/registrations/new.html.erb within layouts/application (3.6ms)
Completed 200 OK in 49ms (Views: 47.5ms | ActiveRecord: 0.0ms)


Started GET "/assets/jquery.js?body=1" for 127.0.0.1 at 2014-05-15 18:39:03 +0530
Served asset /jquery.js - 304 Not Modified (0ms)


Started GET "/assets/jquery_ujs.js?body=1" for 127.0.0.1 at 2014-05-15 18:39:03 +0530
Served asset /jquery_ujs.js - 304 Not Modified (0ms)


Started GET "/assets/angular.js?body=1" for 127.0.0.1 at 2014-05-15 18:39:03 +0530
Served asset /angular.js - 304 Not Modified (0ms)


Started GET "/assets/angular.sanitize.js?body=1" for 127.0.0.1 at 2014-05-15 18:39:03 +0530
Served asset /angular.sanitize.js - 304 Not Modified (0ms)


Started GET "/assets/route.js?body=1" for 127.0.0.1 at 2014-05-15 18:39:03 +0530
Served asset /route.js - 304 Not Modified (0ms)


Started GET "/assets/application.js?body=1" for 127.0.0.1 at 2014-05-15 18:39:03 +0530
Served asset /application.js - 304 Not Modified (1ms)


Started GET "/assets/application.css?body=1" for 127.0.0.1 at 2014-05-15 18:39:03 +0530
Served asset /application.css - 304 Not Modified (0ms)


Started GET "/assets/depot.css?body=1" for 127.0.0.1 at 2014-05-15 18:39:03 +0530
Served asset /depot.css - 304 Not Modified (0ms)


Started GET "/assets/scaffold.css?body=1" for 127.0.0.1 at 2014-05-15 18:39:03 +0530
Served asset /scaffold.css - 304 Not Modified (0ms)


Started POST "/users?locale=en" for 127.0.0.1 at 2014-05-15 18:39:12 +0530
Processing by Devise::RegistrationsController#create as HTML
  Parameters: {"utf8"=>"✓", "authenticity_token"=>"HgnYl3GgByy31d49WRdsCR5FaVdZiPY20t6HTbI3hVo=", "user"=>{"email"=>"rdas@gmail.com", "password"=>"[FILTERED]", "password_confirmation"=>"[FILTERED]"}, "commit"=>"Sign up", "locale"=>"en"}
  [1m[35m (0.6ms)[0m  BEGIN
  [1m[36mUser Exists (2.0ms)[0m  [1mSELECT 1 AS one FROM "users" WHERE "users"."email" = 'rdas@gmail.com' LIMIT 1[0m
  [1m[35mCACHE (0.0ms)[0m  SELECT 1 AS one FROM "users" WHERE "users"."email" = 'rdas@gmail.com' LIMIT 1
  [1m[36m (0.6ms)[0m  [1mROLLBACK[0m
  Rendered devise/shared/_links.erb (0.5ms)
  Rendered devise/registrations/new.html.erb within layouts/application (5.0ms)
Completed 200 OK in 193ms (Views: 11.7ms | ActiveRecord: 0.0ms)


Started GET "/assets/jquery.js?body=1" for 127.0.0.1 at 2014-05-15 18:39:13 +0530
Served asset /jquery.js - 304 Not Modified (0ms)


Started GET "/assets/jquery_ujs.js?body=1" for 127.0.0.1 at 2014-05-15 18:39:13 +0530
Served asset /jquery_ujs.js - 304 Not Modified (0ms)


Started GET "/assets/angular.js?body=1" for 127.0.0.1 at 2014-05-15 18:39:13 +0530
Served asset /angular.js - 304 Not Modified (0ms)


Started GET "/assets/angular.sanitize.js?body=1" for 127.0.0.1 at 2014-05-15 18:39:13 +0530
Served asset /angular.sanitize.js - 304 Not Modified (0ms)


Started GET "/assets/route.js?body=1" for 127.0.0.1 at 2014-05-15 18:39:13 +0530
Served asset /route.js - 304 Not Modified (0ms)


Started GET "/assets/application.js?body=1" for 127.0.0.1 at 2014-05-15 18:39:13 +0530
Served asset /application.js - 304 Not Modified (1ms)


Started GET "/assets/application.css?body=1" for 127.0.0.1 at 2014-05-15 18:39:13 +0530
Served asset /application.css - 304 Not Modified (0ms)


Started GET "/assets/depot.css?body=1" for 127.0.0.1 at 2014-05-15 18:39:13 +0530
Served asset /depot.css - 304 Not Modified (0ms)


Started GET "/assets/scaffold.css?body=1" for 127.0.0.1 at 2014-05-15 18:39:13 +0530
Served asset /scaffold.css - 304 Not Modified (0ms)


Started POST "/users?locale=en" for 127.0.0.1 at 2014-05-15 18:39:23 +0530
Processing by Devise::RegistrationsController#create as HTML
  Parameters: {"utf8"=>"✓", "authenticity_token"=>"HgnYl3GgByy31d49WRdsCR5FaVdZiPY20t6HTbI3hVo=", "user"=>{"email"=>"rdas@gmail.com", "password"=>"[FILTERED]", "password_confirmation"=>"[FILTERED]"}, "commit"=>"Sign up", "locale"=>"en"}
  [1m[35m (0.3ms)[0m  BEGIN
  [1m[36mUser Exists (1.0ms)[0m  [1mSELECT 1 AS one FROM "users" WHERE "users"."email" = 'rdas@gmail.com' LIMIT 1[0m
  [1m[35mCACHE (0.0ms)[0m  SELECT 1 AS one FROM "users" WHERE "users"."email" = 'rdas@gmail.com' LIMIT 1
  [1m[36mSQL (2.7ms)[0m  [1mINSERT INTO "users" ("created_at", "current_sign_in_at", "current_sign_in_ip", "email", "encrypted_password", "hashed_password", "last_sign_in_at", "last_sign_in_ip", "name", "remember_created_at", "reset_password_sent_at", "reset_password_token", "salt", "sign_in_count", "updated_at") VALUES ($1, $2, $3, $4, $5, $6, $7, $8, $9, $10, $11, $12, $13, $14, $15) RETURNING "id"[0m  [["created_at", Thu, 15 May 2014 13:09:23 UTC +00:00], ["current_sign_in_at", nil], ["current_sign_in_ip", nil], ["email", "rdas@gmail.com"], ["encrypted_password", "$2a$10$KtBSBAyJKBPWEP8PEksEiOH6acNtH/HG96xRvl52filp797PuXSpa"], ["hashed_password", nil], ["last_sign_in_at", nil], ["last_sign_in_ip", nil], ["name", nil], ["remember_created_at", nil], ["reset_password_sent_at", nil], ["reset_password_token", nil], ["salt", nil], ["sign_in_count", 0], ["updated_at", Thu, 15 May 2014 13:09:23 UTC +00:00]]
  [1m[35m (20.9ms)[0m  COMMIT
  [1m[36m (0.3ms)[0m  [1mBEGIN[0m
  [1m[35m (0.8ms)[0m  UPDATE "users" SET "last_sign_in_at" = '2014-05-15 13:09:23.485956', "current_sign_in_at" = '2014-05-15 13:09:23.485956', "last_sign_in_ip" = '127.0.0.1', "current_sign_in_ip" = '127.0.0.1', "sign_in_count" = 1, "updated_at" = '2014-05-15 13:09:23.487591' WHERE "users"."id" = 1
  [1m[36m (2.8ms)[0m  [1mCOMMIT[0m
Redirected to http://localhost:4000/orders/new
Completed 302 Found in 102ms (ActiveRecord: 0.0ms)


Started GET "/orders/new" for 127.0.0.1 at 2014-05-15 18:39:23 +0530
Processing by OrdersController#new as HTML
  [1m[35mUser Load (0.7ms)[0m  SELECT "users".* FROM "users" WHERE "users"."id" = 1 LIMIT 1
  [1m[36mCart Load (0.7ms)[0m  [1mSELECT "carts".* FROM "carts" WHERE "carts"."id" = $1 LIMIT 1[0m  [["id", 1]]
  [1m[35m (0.6ms)[0m  SELECT COUNT(*) FROM "line_items" WHERE "line_items"."cart_id" = 1
  Rendered orders/_form.html.erb (4.0ms)
  Rendered orders/new.html.erb within layouts/application (5.3ms)
  [1m[36mCACHE (0.0ms)[0m  [1mSELECT COUNT(*) FROM "line_items" WHERE "line_items"."cart_id" = 1[0m
  [1m[35mLineItem Load (1.0ms)[0m  SELECT "line_items".* FROM "line_items" WHERE "line_items"."cart_id" = 1
  [1m[36mProduct Load (1.1ms)[0m  [1mSELECT "products".* FROM "products" WHERE "products"."id" = 1 ORDER BY title LIMIT 1[0m
  Rendered line_items/_line_item.html.erb (2.7ms)
  Rendered carts/_cart.html.erb (6.1ms)
Completed 200 OK in 74ms (Views: 16.6ms | ActiveRecord: 4.1ms)


Started GET "/assets/jquery.js?body=1" for 127.0.0.1 at 2014-05-15 18:39:23 +0530
Served asset /jquery.js - 304 Not Modified (0ms)


Started GET "/assets/jquery_ujs.js?body=1" for 127.0.0.1 at 2014-05-15 18:39:23 +0530
Served asset /jquery_ujs.js - 304 Not Modified (0ms)


Started GET "/assets/angular.js?body=1" for 127.0.0.1 at 2014-05-15 18:39:23 +0530
Served asset /angular.js - 304 Not Modified (1ms)


Started GET "/assets/angular.sanitize.js?body=1" for 127.0.0.1 at 2014-05-15 18:39:23 +0530
Served asset /angular.sanitize.js - 304 Not Modified (0ms)


Started GET "/assets/route.js?body=1" for 127.0.0.1 at 2014-05-15 18:39:23 +0530
Served asset /route.js - 304 Not Modified (0ms)


Started GET "/assets/application.js?body=1" for 127.0.0.1 at 2014-05-15 18:39:23 +0530
Served asset /application.js - 304 Not Modified (1ms)


Started GET "/assets/application.css?body=1" for 127.0.0.1 at 2014-05-15 18:39:23 +0530
Served asset /application.css - 304 Not Modified (0ms)


Started GET "/assets/depot.css?body=1" for 127.0.0.1 at 2014-05-15 18:39:23 +0530
Served asset /depot.css - 304 Not Modified (0ms)


Started GET "/assets/scaffold.css?body=1" for 127.0.0.1 at 2014-05-15 18:39:23 +0530
Served asset /scaffold.css - 304 Not Modified (0ms)


Started POST "/orders?locale=en" for 127.0.0.1 at 2014-05-15 18:39:29 +0530
Processing by OrdersController#create as HTML
  Parameters: {"utf8"=>"✓", "authenticity_token"=>"HgnYl3GgByy31d49WRdsCR5FaVdZiPY20t6HTbI3hVo=", "order"=>{"name"=>"asdasd", "address"=>"asdasdasd", "email"=>"rdas@gmail.com", "pay_type"=>""}, "commit"=>"Place Order", "locale"=>"en"}
  [1m[35mUser Load (0.7ms)[0m  SELECT "users".* FROM "users" WHERE "users"."id" = 1 LIMIT 1
  [1m[36mCart Load (0.5ms)[0m  [1mSELECT "carts".* FROM "carts" WHERE "carts"."id" = $1 LIMIT 1[0m  [["id", 1]]
  [1m[35mLineItem Load (0.4ms)[0m  SELECT "line_items".* FROM "line_items" WHERE "line_items"."cart_id" = 1
  [1m[36m (0.2ms)[0m  [1mBEGIN[0m
  [1m[35m (0.2ms)[0m  ROLLBACK
  Rendered orders/_form.html.erb (4.4ms)
  Rendered orders/new.html.erb within layouts/application (5.2ms)
Completed 200 OK in 22ms (Views: 10.7ms | ActiveRecord: 2.1ms)


Started GET "/assets/jquery.js?body=1" for 127.0.0.1 at 2014-05-15 18:39:29 +0530
Served asset /jquery.js - 304 Not Modified (2ms)


Started GET "/assets/jquery_ujs.js?body=1" for 127.0.0.1 at 2014-05-15 18:39:29 +0530
Served asset /jquery_ujs.js - 304 Not Modified (0ms)


Started GET "/assets/angular.js?body=1" for 127.0.0.1 at 2014-05-15 18:39:29 +0530
Served asset /angular.js - 304 Not Modified (0ms)


Started GET "/assets/angular.sanitize.js?body=1" for 127.0.0.1 at 2014-05-15 18:39:29 +0530
Served asset /angular.sanitize.js - 304 Not Modified (0ms)


Started GET "/assets/route.js?body=1" for 127.0.0.1 at 2014-05-15 18:39:29 +0530
Served asset /route.js - 304 Not Modified (0ms)


Started GET "/assets/application.js?body=1" for 127.0.0.1 at 2014-05-15 18:39:29 +0530
Served asset /application.js - 304 Not Modified (1ms)


Started GET "/assets/application.css?body=1" for 127.0.0.1 at 2014-05-15 18:39:29 +0530
Served asset /application.css - 304 Not Modified (0ms)


Started GET "/assets/depot.css?body=1" for 127.0.0.1 at 2014-05-15 18:39:29 +0530
Served asset /depot.css - 304 Not Modified (0ms)


Started GET "/assets/scaffold.css?body=1" for 127.0.0.1 at 2014-05-15 18:39:29 +0530
Served asset /scaffold.css - 304 Not Modified (0ms)


Started POST "/orders?locale=en" for 127.0.0.1 at 2014-05-15 18:39:33 +0530
Processing by OrdersController#create as HTML
  Parameters: {"utf8"=>"✓", "authenticity_token"=>"HgnYl3GgByy31d49WRdsCR5FaVdZiPY20t6HTbI3hVo=", "order"=>{"name"=>"asdasd", "address"=>"asdasdasd", "email"=>"rdas@gmail.com", "pay_type"=>"Check"}, "commit"=>"Place Order", "locale"=>"en"}
  [1m[36mUser Load (1.0ms)[0m  [1mSELECT "users".* FROM "users" WHERE "users"."id" = 1 LIMIT 1[0m
  [1m[35mCart Load (0.9ms)[0m  SELECT "carts".* FROM "carts" WHERE "carts"."id" = $1 LIMIT 1  [["id", 1]]
  [1m[36mLineItem Load (0.9ms)[0m  [1mSELECT "line_items".* FROM "line_items" WHERE "line_items"."cart_id" = 1[0m
  [1m[35m (0.4ms)[0m  BEGIN
  [1m[36mSQL (1.4ms)[0m  [1mINSERT INTO "orders" ("address", "created_at", "email", "name", "pay_type", "updated_at") VALUES ($1, $2, $3, $4, $5, $6) RETURNING "id"[0m  [["address", "asdasdasd"], ["created_at", Thu, 15 May 2014 13:09:33 UTC +00:00], ["email", "rdas@gmail.com"], ["name", "asdasd"], ["pay_type", "Check"], ["updated_at", Thu, 15 May 2014 13:09:33 UTC +00:00]]
  [1m[35m (0.5ms)[0m  UPDATE "line_items" SET "cart_id" = NULL, "order_id" = 1, "updated_at" = '2014-05-15 13:09:33.934027' WHERE "line_items"."id" = 1
  [1m[36m (13.8ms)[0m  [1mCOMMIT[0m
  [1m[35mCart Load (0.8ms)[0m  SELECT "carts".* FROM "carts" WHERE "carts"."id" = $1 LIMIT 1  [["id", 1]]
  [1m[36m (0.5ms)[0m  [1mBEGIN[0m
  [1m[35mLineItem Load (0.7ms)[0m  SELECT "line_items".* FROM "line_items" WHERE "line_items"."cart_id" = 1
  [1m[36mSQL (1.0ms)[0m  [1mDELETE FROM "carts" WHERE "carts"."id" = $1[0m  [["id", 1]]
  [1m[35m (8.0ms)[0m  COMMIT
  [1m[36mProduct Load (1.2ms)[0m  [1mSELECT "products".* FROM "products" WHERE "products"."id" = 1 ORDER BY title LIMIT 1[0m
  Rendered line_items/_line_item.text.erb (3.2ms)
  Rendered notifier/order_received.text.erb (4.3ms)

Sent mail to rdas@gmail.com (714ms)
Date: Thu, 15 May 2014 18:39:35 +0530
From: from@example.com
To: rdas@gmail.com
Message-ID: <5374bc8f48dac_203c109b7fc668b1@rajarshid-ubuntu.mail>
Subject: Pragmatic Store Order Confirmation
Mime-Version: 1.0
Content-Type: text/plain;
 charset=UTF-8
Content-Transfer-Encoding: 7bit


Dear asdasd

Thank you for your recent order from The Pragmatic Store.
You ordered the following items:

 4 x Pizza 1


We'll send you a seperate e-mail when your order ships.

Thanks!

Redirected to http://localhost:4000/en
Completed 302 Found in 2054ms (ActiveRecord: 31.2ms)


Started GET "/en" for 127.0.0.1 at 2014-05-15 18:39:36 +0530
Processing by StoreController#index as HTML
  Parameters: {"locale"=>"en"}
  [1m[35m (0.5ms)[0m  BEGIN
  [1m[36mSQL (0.8ms)[0m  [1mINSERT INTO "carts" ("created_at", "updated_at") VALUES ($1, $2) RETURNING "id"[0m  [["created_at", Thu, 15 May 2014 13:09:36 UTC +00:00], ["updated_at", Thu, 15 May 2014 13:09:36 UTC +00:00]]
  [1m[35m (21.0ms)[0m  COMMIT
  [1m[36mProduct Load (0.7ms)[0m  [1mSELECT "products".* FROM "products" WHERE "products"."locale" = 'en' AND "products"."active" = 't' ORDER BY title[0m
  Rendered store/index.html.erb within layouts/application (6.5ms)
  [1m[35m (0.6ms)[0m  SELECT COUNT(*) FROM "line_items" WHERE "line_items"."cart_id" = 2
  Rendered collection (0.0ms)
  Rendered carts/_cart.html.erb (1.5ms)
  [1m[36mUser Load (0.5ms)[0m  [1mSELECT "users".* FROM "users" WHERE "users"."id" = 1 LIMIT 1[0m
Completed 200 OK in 91ms (Views: 19.5ms | ActiveRecord: 24.2ms)


Started GET "/assets/jquery.js?body=1" for 127.0.0.1 at 2014-05-15 18:39:36 +0530
Served asset /jquery.js - 304 Not Modified (2ms)


Started GET "/assets/jquery_ujs.js?body=1" for 127.0.0.1 at 2014-05-15 18:39:36 +0530
Served asset /jquery_ujs.js - 304 Not Modified (0ms)


Started GET "/assets/angular.js?body=1" for 127.0.0.1 at 2014-05-15 18:39:36 +0530
Served asset /angular.js - 304 Not Modified (0ms)


Started GET "/assets/angular.sanitize.js?body=1" for 127.0.0.1 at 2014-05-15 18:39:36 +0530
Served asset /angular.sanitize.js - 304 Not Modified (0ms)


Started GET "/assets/route.js?body=1" for 127.0.0.1 at 2014-05-15 18:39:36 +0530
Served asset /route.js - 304 Not Modified (0ms)


Started GET "/assets/application.js?body=1" for 127.0.0.1 at 2014-05-15 18:39:36 +0530
Served asset /application.js - 304 Not Modified (1ms)


Started GET "/assets/application.css?body=1" for 127.0.0.1 at 2014-05-15 18:39:36 +0530
Served asset /application.css - 304 Not Modified (0ms)


Started GET "/assets/depot.css?body=1" for 127.0.0.1 at 2014-05-15 18:39:36 +0530
Served asset /depot.css - 304 Not Modified (0ms)


Started GET "/assets/scaffold.css?body=1" for 127.0.0.1 at 2014-05-15 18:39:36 +0530
Served asset /scaffold.css - 304 Not Modified (0ms)


Started DELETE "/users/sign_out?locale=en" for 127.0.0.1 at 2014-05-15 18:39:37 +0530
Processing by Devise::SessionsController#destroy as HTML
  Parameters: {"authenticity_token"=>"HgnYl3GgByy31d49WRdsCR5FaVdZiPY20t6HTbI3hVo=", "locale"=>"en"}
  [1m[35mUser Load (0.7ms)[0m  SELECT "users".* FROM "users" WHERE "users"."id" = 1 LIMIT 1
  [1m[36m (3.2ms)[0m  [1mBEGIN[0m
  [1m[35m (0.2ms)[0m  COMMIT
Redirected to http://localhost:4000/
Completed 302 Found in 48ms (ActiveRecord: 4.1ms)


Started GET "/" for 127.0.0.1 at 2014-05-15 18:39:37 +0530
Processing by StoreController#index as HTML
  [1m[36m (0.2ms)[0m  [1mBEGIN[0m
  [1m[35mSQL (0.5ms)[0m  INSERT INTO "carts" ("created_at", "updated_at") VALUES ($1, $2) RETURNING "id"  [["created_at", Thu, 15 May 2014 13:09:37 UTC +00:00], ["updated_at", Thu, 15 May 2014 13:09:37 UTC +00:00]]
  [1m[36m (101.7ms)[0m  [1mCOMMIT[0m
  [1m[35mProduct Load (3.7ms)[0m  SELECT "products".* FROM "products" WHERE "products"."active" = 't' ORDER BY title
  Rendered store/index.html.erb within layouts/application (13.3ms)
  [1m[36m (0.8ms)[0m  [1mSELECT COUNT(*) FROM "line_items" WHERE "line_items"."cart_id" = 3[0m
  Rendered collection (0.0ms)
  Rendered carts/_cart.html.erb (1.2ms)
Completed 200 OK in 131ms (Views: 21.1ms | ActiveRecord: 106.9ms)


Started GET "/assets/jquery.js?body=1" for 127.0.0.1 at 2014-05-15 18:39:38 +0530
Served asset /jquery.js - 304 Not Modified (1ms)


Started GET "/assets/jquery_ujs.js?body=1" for 127.0.0.1 at 2014-05-15 18:39:38 +0530
Served asset /jquery_ujs.js - 304 Not Modified (0ms)


Started GET "/assets/angular.js?body=1" for 127.0.0.1 at 2014-05-15 18:39:38 +0530
Served asset /angular.js - 304 Not Modified (0ms)


Started GET "/assets/angular.sanitize.js?body=1" for 127.0.0.1 at 2014-05-15 18:39:38 +0530
Served asset /angular.sanitize.js - 304 Not Modified (0ms)


Started GET "/assets/route.js?body=1" for 127.0.0.1 at 2014-05-15 18:39:38 +0530
Served asset /route.js - 304 Not Modified (0ms)


Started GET "/assets/application.js?body=1" for 127.0.0.1 at 2014-05-15 18:39:38 +0530
Served asset /application.js - 304 Not Modified (1ms)


Started GET "/assets/application.css?body=1" for 127.0.0.1 at 2014-05-15 18:39:38 +0530
Served asset /application.css - 304 Not Modified (0ms)


Started GET "/assets/depot.css?body=1" for 127.0.0.1 at 2014-05-15 18:39:38 +0530
Served asset /depot.css - 304 Not Modified (0ms)


Started GET "/assets/scaffold.css?body=1" for 127.0.0.1 at 2014-05-15 18:39:38 +0530
Served asset /scaffold.css - 304 Not Modified (0ms)
